: 2025-01-27 10:28:21,457 INFO [restartedMain] [||] boot.CardApplication#logStarting:50 - Starting boot.CardApplication on KCWangdeMacBook-Pro.local with PID 67014 (/Users/kcwang/JavvaNote/target/classes started by kcwang in /Users/kcwang/JavvaNote)
: 2025-01-27 10:28:21,460 INFO [restartedMain] [||] boot.CardApplication#logStartupProfileInfo:647 - No active profile set, falling back to default profiles: default
: 2025-01-27 10:28:21,505 INFO [restartedMain] [||] org.springframework.boot.devtools.env.DevToolsPropertyDefaultsPostProcessor#logTo:225 - Devtools property defaults active! Set 'spring.devtools.add-properties' to 'false' to disable
: 2025-01-27 10:28:21,505 INFO [restartedMain] [||] org.springframework.boot.devtools.env.DevToolsPropertyDefaultsPostProcessor#logTo:225 - For additional web related logging consider setting the 'logging.level.web' property to 'DEBUG'
: 2025-01-27 10:28:21,562 WARN [restartedMain] [||] org.springframework.boot.context.ConfigurationWarningsApplicationContextInitializer#warn:104 - 

** WARNING ** : Your ApplicationContext is unlikely to start due to a @ComponentScan of the default package.


: 2025-01-27 10:28:28,213 WARN [restartedMain] [||] org.springframework.boot.web.servlet.context.AnnotationConfigServletWebServerApplicationContext#refresh:557 - Exception encountered during context initialization - cancelling refresh attempt: org.springframework.beans.factory.BeanDefinitionStoreException: Failed to read candidate component class: URL [jar:file:/Users/kcwang/repository/org/springframework/boot/spring-boot-autoconfigure/2.1.7.RELEASE/spring-boot-autoconfigure-2.1.7.RELEASE.jar!/org/springframework/boot/autoconfigure/jdbc/DataSourceAutoConfiguration$EmbeddedDatabaseConfiguration.class]; nested exception is java.lang.IllegalStateException: Could not evaluate condition on org.springframework.boot.autoconfigure.jdbc.DataSourceAutoConfiguration$EmbeddedDatabaseConfiguration due to org/springframework/jdbc/datasource/embedded/EmbeddedDatabaseType not found. Make sure your own configuration does not rely on that class. This can also happen if you are @ComponentScanning a springframework package (e.g. if you put a @ComponentScan in the default package by mistake)
: 2025-01-27 10:28:28,219 INFO [restartedMain] [||] org.springframework.boot.autoconfigure.logging.ConditionEvaluationReportLoggingListener#logMessage:136 - 

Error starting ApplicationContext. To display the conditions report re-run your application with 'debug' enabled.
: 2025-01-27 10:28:28,225 ERROR [restartedMain] [||] org.springframework.boot.SpringApplication#reportFailure:822 - Application run failed
org.springframework.beans.factory.BeanDefinitionStoreException: Failed to read candidate component class: URL [jar:file:/Users/kcwang/repository/org/springframework/boot/spring-boot-autoconfigure/2.1.7.RELEASE/spring-boot-autoconfigure-2.1.7.RELEASE.jar!/org/springframework/boot/autoconfigure/jdbc/DataSourceAutoConfiguration$EmbeddedDatabaseConfiguration.class]; nested exception is java.lang.IllegalStateException: Could not evaluate condition on org.springframework.boot.autoconfigure.jdbc.DataSourceAutoConfiguration$EmbeddedDatabaseConfiguration due to org/springframework/jdbc/datasource/embedded/EmbeddedDatabaseType not found. Make sure your own configuration does not rely on that class. This can also happen if you are @ComponentScanning a springframework package (e.g. if you put a @ComponentScan in the default package by mistake)
	at org.springframework.context.annotation.ClassPathScanningCandidateComponentProvider.scanCandidateComponents(ClassPathScanningCandidateComponentProvider.java:454)
	at org.springframework.context.annotation.ClassPathScanningCandidateComponentProvider.findCandidateComponents(ClassPathScanningCandidateComponentProvider.java:316)
	at org.springframework.context.annotation.ClassPathBeanDefinitionScanner.doScan(ClassPathBeanDefinitionScanner.java:275)
	at org.springframework.context.annotation.ComponentScanAnnotationParser.parse(ComponentScanAnnotationParser.java:132)
	at org.springframework.context.annotation.ConfigurationClassParser.doProcessConfigurationClass(ConfigurationClassParser.java:287)
	at org.springframework.context.annotation.ConfigurationClassParser.processConfigurationClass(ConfigurationClassParser.java:242)
	at org.springframework.context.annotation.ConfigurationClassParser.parse(ConfigurationClassParser.java:199)
	at org.springframework.context.annotation.ConfigurationClassParser.parse(ConfigurationClassParser.java:167)
	at org.springframework.context.annotation.ConfigurationClassPostProcessor.processConfigBeanDefinitions(ConfigurationClassPostProcessor.java:315)
	at org.springframework.context.annotation.ConfigurationClassPostProcessor.postProcessBeanDefinitionRegistry(ConfigurationClassPostProcessor.java:232)
	at org.springframework.context.support.PostProcessorRegistrationDelegate.invokeBeanDefinitionRegistryPostProcessors(PostProcessorRegistrationDelegate.java:275)
	at org.springframework.context.support.PostProcessorRegistrationDelegate.invokeBeanFactoryPostProcessors(PostProcessorRegistrationDelegate.java:95)
	at org.springframework.context.support.AbstractApplicationContext.invokeBeanFactoryPostProcessors(AbstractApplicationContext.java:705)
	at org.springframework.context.support.AbstractApplicationContext.refresh(AbstractApplicationContext.java:531)
	at org.springframework.boot.web.servlet.context.ServletWebServerApplicationContext.refresh(ServletWebServerApplicationContext.java:141)
	at org.springframework.boot.SpringApplication.refresh(SpringApplication.java:743)
	at org.springframework.boot.SpringApplication.refreshContext(SpringApplication.java:390)
	at org.springframework.boot.SpringApplication.run(SpringApplication.java:312)
	at org.springframework.boot.SpringApplication.run(SpringApplication.java:1214)
	at org.springframework.boot.SpringApplication.run(SpringApplication.java:1203)
	at boot.CardApplication.main(boot.CardApplication.java:14)
	at sun.reflect.NativeMethodAccessorImpl.invoke0(Native Method)
	at sun.reflect.NativeMethodAccessorImpl.invoke(NativeMethodAccessorImpl.java:62)
	at sun.reflect.DelegatingMethodAccessorImpl.invoke(DelegatingMethodAccessorImpl.java:43)
	at java.lang.reflect.Method.invoke(Method.java:498)
	at org.springframework.boot.devtools.restart.RestartLauncher.run(RestartLauncher.java:49)
Caused by: java.lang.IllegalStateException: Could not evaluate condition on org.springframework.boot.autoconfigure.jdbc.DataSourceAutoConfiguration$EmbeddedDatabaseConfiguration due to org/springframework/jdbc/datasource/embedded/EmbeddedDatabaseType not found. Make sure your own configuration does not rely on that class. This can also happen if you are @ComponentScanning a springframework package (e.g. if you put a @ComponentScan in the default package by mistake)
	at org.springframework.boot.autoconfigure.condition.SpringBootCondition.matches(SpringBootCondition.java:54)
	at org.springframework.context.annotation.ConditionEvaluator.shouldSkip(ConditionEvaluator.java:108)
	at org.springframework.context.annotation.ConditionEvaluator.shouldSkip(ConditionEvaluator.java:88)
	at org.springframework.context.annotation.ConditionEvaluator.shouldSkip(ConditionEvaluator.java:71)
	at org.springframework.context.annotation.ClassPathScanningCandidateComponentProvider.isConditionMatch(ClassPathScanningCandidateComponentProvider.java:515)
	at org.springframework.context.annotation.ClassPathScanningCandidateComponentProvider.isCandidateComponent(ClassPathScanningCandidateComponentProvider.java:498)
	at org.springframework.context.annotation.ClassPathScanningCandidateComponentProvider.scanCandidateComponents(ClassPathScanningCandidateComponentProvider.java:431)
	... 25 common frames omitted
Caused by: java.lang.NoClassDefFoundError: org/springframework/jdbc/datasource/embedded/EmbeddedDatabaseType
	at org.springframework.boot.jdbc.EmbeddedDatabaseConnection.<clinit>(EmbeddedDatabaseConnection.java:51)
	at org.springframework.boot.autoconfigure.jdbc.DataSourceAutoConfiguration$EmbeddedDatabaseCondition.getMatchOutcome(DataSourceAutoConfiguration.java:139)
	at org.springframework.boot.autoconfigure.condition.SpringBootCondition.matches(SpringBootCondition.java:47)
	... 31 common frames omitted
Caused by: java.lang.ClassNotFoundException: org.springframework.jdbc.datasource.embedded.EmbeddedDatabaseType
	at java.net.URLClassLoader.findClass(URLClassLoader.java:382)
	at java.lang.ClassLoader.loadClass(ClassLoader.java:418)
	at sun.misc.Launcher$AppClassLoader.loadClass(Launcher.java:355)
	at java.lang.ClassLoader.loadClass(ClassLoader.java:351)
	... 34 common frames omitted
: 2025-01-27 10:28:28,226 INFO [restartedMain] [||] boot.CardApplication#main:17 - ************************************card  startup failed***************************
: 2025-01-27 10:28:28,228 INFO [main] [||] boot.CardApplication#main:17 - ************************************card  startup failed***************************
: 2025-01-27 10:32:09,706 INFO [restartedMain] [||] boot.CardApplication#logStarting:50 - Starting CardApplication on KCWangdeMacBook-Pro.local with PID 67137 (/Users/kcwang/JavvaNote/target/classes started by kcwang in /Users/kcwang/JavvaNote)
: 2025-01-27 10:32:09,709 INFO [restartedMain] [||] boot.CardApplication#logStartupProfileInfo:647 - No active profile set, falling back to default profiles: default
: 2025-01-27 10:32:09,799 INFO [restartedMain] [||] org.springframework.boot.devtools.env.DevToolsPropertyDefaultsPostProcessor#logTo:225 - Devtools property defaults active! Set 'spring.devtools.add-properties' to 'false' to disable
: 2025-01-27 10:32:09,800 INFO [restartedMain] [||] org.springframework.boot.devtools.env.DevToolsPropertyDefaultsPostProcessor#logTo:225 - For additional web related logging consider setting the 'logging.level.web' property to 'DEBUG'
: 2025-01-27 10:32:10,482 INFO [restartedMain] [||] org.springframework.boot.web.embedded.tomcat.TomcatWebServer#initialize:90 - Tomcat initialized with port(s): 8081 (http)
: 2025-01-27 10:32:10,492 INFO [restartedMain] [||] org.apache.coyote.http11.Http11NioProtocol#log:173 - Initializing ProtocolHandler ["http-nio-8081"]
: 2025-01-27 10:32:10,499 INFO [restartedMain] [||] org.apache.catalina.core.StandardService#log:173 - Starting service [Tomcat]
: 2025-01-27 10:32:10,499 INFO [restartedMain] [||] org.apache.catalina.core.StandardEngine#log:173 - Starting Servlet engine: [Apache Tomcat/9.0.22]
: 2025-01-27 10:32:10,563 INFO [restartedMain] [||] org.apache.catalina.core.ContainerBase.[Tomcat].[localhost].[/]#log:173 - Initializing Spring embedded WebApplicationContext
: 2025-01-27 10:32:10,563 INFO [restartedMain] [||] org.springframework.web.context.ContextLoader#prepareWebApplicationContext:284 - Root WebApplicationContext: initialization completed in 763 ms
: 2025-01-27 10:32:10,596 WARN [restartedMain] [||] org.springframework.boot.web.servlet.context.AnnotationConfigServletWebServerApplicationContext#refresh:557 - Exception encountered during context initialization - cancelling refresh attempt: org.springframework.beans.factory.UnsatisfiedDependencyException: Error creating bean with name 'cardRunner': Unsatisfied dependency expressed through field 'gameBegin'; nested exception is org.springframework.beans.factory.NoSuchBeanDefinitionException: No qualifying bean of type 'card.GameBegin' available: expected at least 1 bean which qualifies as autowire candidate. Dependency annotations: {@org.springframework.beans.factory.annotation.Autowired(required=true)}
: 2025-01-27 10:32:10,598 INFO [restartedMain] [||] org.apache.catalina.core.StandardService#log:173 - Stopping service [Tomcat]
: 2025-01-27 10:32:10,607 INFO [restartedMain] [||] org.springframework.boot.autoconfigure.logging.ConditionEvaluationReportLoggingListener#logMessage:136 - 

Error starting ApplicationContext. To display the conditions report re-run your application with 'debug' enabled.
: 2025-01-27 10:32:10,715 ERROR [restartedMain] [||] org.springframework.boot.diagnostics.LoggingFailureAnalysisReporter#report:40 - 

***************************
APPLICATION FAILED TO START
***************************

Description:

Field gameBegin in boot.CardRunner required a bean of type 'card.GameBegin' that could not be found.

The injection point has the following annotations:
	- @org.springframework.beans.factory.annotation.Autowired(required=true)


Action:

Consider defining a bean of type 'card.GameBegin' in your configuration.

: 2025-01-27 10:32:10,716 INFO [restartedMain] [||] boot.CardApplication#main:19 - ************************************card  startup failed***************************
: 2025-01-27 10:32:10,718 INFO [main] [||] boot.CardApplication#main:19 - ************************************card  startup failed***************************
: 2025-01-27 10:34:19,786 INFO [restartedMain] [||] boot.CardApplication#logStarting:50 - Starting CardApplication on KCWangdeMacBook-Pro.local with PID 67225 (/Users/kcwang/JavvaNote/target/classes started by kcwang in /Users/kcwang/JavvaNote)
: 2025-01-27 10:34:19,788 INFO [restartedMain] [||] boot.CardApplication#logStartupProfileInfo:647 - No active profile set, falling back to default profiles: default
: 2025-01-27 10:34:19,823 INFO [restartedMain] [||] org.springframework.boot.devtools.env.DevToolsPropertyDefaultsPostProcessor#logTo:225 - Devtools property defaults active! Set 'spring.devtools.add-properties' to 'false' to disable
: 2025-01-27 10:34:19,823 INFO [restartedMain] [||] org.springframework.boot.devtools.env.DevToolsPropertyDefaultsPostProcessor#logTo:225 - For additional web related logging consider setting the 'logging.level.web' property to 'DEBUG'
: 2025-01-27 10:34:20,497 INFO [restartedMain] [||] org.springframework.boot.web.embedded.tomcat.TomcatWebServer#initialize:90 - Tomcat initialized with port(s): 8081 (http)
: 2025-01-27 10:34:20,506 INFO [restartedMain] [||] org.apache.coyote.http11.Http11NioProtocol#log:173 - Initializing ProtocolHandler ["http-nio-8081"]
: 2025-01-27 10:34:20,512 INFO [restartedMain] [||] org.apache.catalina.core.StandardService#log:173 - Starting service [Tomcat]
: 2025-01-27 10:34:20,512 INFO [restartedMain] [||] org.apache.catalina.core.StandardEngine#log:173 - Starting Servlet engine: [Apache Tomcat/9.0.22]
: 2025-01-27 10:34:20,573 INFO [restartedMain] [||] org.apache.catalina.core.ContainerBase.[Tomcat].[localhost].[/]#log:173 - Initializing Spring embedded WebApplicationContext
: 2025-01-27 10:34:20,573 INFO [restartedMain] [||] org.springframework.web.context.ContextLoader#prepareWebApplicationContext:284 - Root WebApplicationContext: initialization completed in 749 ms
: 2025-01-27 10:34:20,609 WARN [restartedMain] [||] org.springframework.boot.web.servlet.context.AnnotationConfigServletWebServerApplicationContext#refresh:557 - Exception encountered during context initialization - cancelling refresh attempt: org.springframework.beans.factory.UnsatisfiedDependencyException: Error creating bean with name 'cardRunner': Unsatisfied dependency expressed through field 'gameBegin'; nested exception is org.springframework.beans.factory.NoSuchBeanDefinitionException: No qualifying bean of type 'boot.GameBegin' available: expected at least 1 bean which qualifies as autowire candidate. Dependency annotations: {@org.springframework.beans.factory.annotation.Autowired(required=true)}
: 2025-01-27 10:34:20,611 INFO [restartedMain] [||] org.apache.catalina.core.StandardService#log:173 - Stopping service [Tomcat]
: 2025-01-27 10:34:20,620 INFO [restartedMain] [||] org.springframework.boot.autoconfigure.logging.ConditionEvaluationReportLoggingListener#logMessage:136 - 

Error starting ApplicationContext. To display the conditions report re-run your application with 'debug' enabled.
: 2025-01-27 10:34:20,750 ERROR [restartedMain] [||] org.springframework.boot.diagnostics.LoggingFailureAnalysisReporter#report:40 - 

***************************
APPLICATION FAILED TO START
***************************

Description:

Field gameBegin in boot.CardRunner required a bean of type 'boot.GameBegin' that could not be found.

The injection point has the following annotations:
	- @org.springframework.beans.factory.annotation.Autowired(required=true)


Action:

Consider defining a bean of type 'boot.GameBegin' in your configuration.

: 2025-01-27 10:34:20,751 INFO [restartedMain] [||] boot.CardApplication#main:19 - ************************************card  startup failed***************************
: 2025-01-27 10:34:20,753 INFO [main] [||] boot.CardApplication#main:19 - ************************************card  startup failed***************************
: 2025-01-27 10:35:39,918 INFO [restartedMain] [||] boot.CardApplication#logStarting:50 - Starting CardApplication on KCWangdeMacBook-Pro.local with PID 67253 (/Users/kcwang/JavvaNote/target/classes started by kcwang in /Users/kcwang/JavvaNote)
: 2025-01-27 10:35:39,921 INFO [restartedMain] [||] boot.CardApplication#logStartupProfileInfo:647 - No active profile set, falling back to default profiles: default
: 2025-01-27 10:35:39,958 INFO [restartedMain] [||] org.springframework.boot.devtools.env.DevToolsPropertyDefaultsPostProcessor#logTo:225 - Devtools property defaults active! Set 'spring.devtools.add-properties' to 'false' to disable
: 2025-01-27 10:35:39,958 INFO [restartedMain] [||] org.springframework.boot.devtools.env.DevToolsPropertyDefaultsPostProcessor#logTo:225 - For additional web related logging consider setting the 'logging.level.web' property to 'DEBUG'
: 2025-01-27 10:35:40,680 INFO [restartedMain] [||] org.springframework.boot.web.embedded.tomcat.TomcatWebServer#initialize:90 - Tomcat initialized with port(s): 8081 (http)
: 2025-01-27 10:35:40,689 INFO [restartedMain] [||] org.apache.coyote.http11.Http11NioProtocol#log:173 - Initializing ProtocolHandler ["http-nio-8081"]
: 2025-01-27 10:35:40,696 INFO [restartedMain] [||] org.apache.catalina.core.StandardService#log:173 - Starting service [Tomcat]
: 2025-01-27 10:35:40,696 INFO [restartedMain] [||] org.apache.catalina.core.StandardEngine#log:173 - Starting Servlet engine: [Apache Tomcat/9.0.22]
: 2025-01-27 10:35:40,763 INFO [restartedMain] [||] org.apache.catalina.core.ContainerBase.[Tomcat].[localhost].[/]#log:173 - Initializing Spring embedded WebApplicationContext
: 2025-01-27 10:35:40,764 INFO [restartedMain] [||] org.springframework.web.context.ContextLoader#prepareWebApplicationContext:284 - Root WebApplicationContext: initialization completed in 806 ms
: 2025-01-27 10:35:40,795 WARN [restartedMain] [||] org.springframework.boot.web.servlet.context.AnnotationConfigServletWebServerApplicationContext#refresh:557 - Exception encountered during context initialization - cancelling refresh attempt: org.springframework.beans.factory.UnsatisfiedDependencyException: Error creating bean with name 'cardRunner': Unsatisfied dependency expressed through field 'gameBegin'; nested exception is org.springframework.beans.factory.NoSuchBeanDefinitionException: No qualifying bean of type 'boot.GameBegin' available: expected at least 1 bean which qualifies as autowire candidate. Dependency annotations: {@org.springframework.beans.factory.annotation.Autowired(required=true)}
: 2025-01-27 10:35:40,797 INFO [restartedMain] [||] org.apache.catalina.core.StandardService#log:173 - Stopping service [Tomcat]
: 2025-01-27 10:35:40,805 INFO [restartedMain] [||] org.springframework.boot.autoconfigure.logging.ConditionEvaluationReportLoggingListener#logMessage:136 - 

Error starting ApplicationContext. To display the conditions report re-run your application with 'debug' enabled.
: 2025-01-27 10:35:40,913 ERROR [restartedMain] [||] org.springframework.boot.diagnostics.LoggingFailureAnalysisReporter#report:40 - 

***************************
APPLICATION FAILED TO START
***************************

Description:

Field gameBegin in boot.CardRunner required a bean of type 'boot.GameBegin' that could not be found.

The injection point has the following annotations:
	- @org.springframework.beans.factory.annotation.Autowired(required=true)


Action:

Consider defining a bean of type 'boot.GameBegin' in your configuration.

: 2025-01-27 10:35:40,914 INFO [restartedMain] [||] boot.CardApplication#main:19 - ************************************card  startup failed***************************
: 2025-01-27 10:35:40,915 INFO [main] [||] boot.CardApplication#main:19 - ************************************card  startup failed***************************
: 2025-01-27 10:36:21,702 INFO [restartedMain] [||] boot.CardApplication#logStarting:50 - Starting CardApplication on KCWangdeMacBook-Pro.local with PID 67288 (/Users/kcwang/JavvaNote/target/classes started by kcwang in /Users/kcwang/JavvaNote)
: 2025-01-27 10:36:21,706 INFO [restartedMain] [||] boot.CardApplication#logStartupProfileInfo:647 - No active profile set, falling back to default profiles: default
: 2025-01-27 10:36:21,760 INFO [restartedMain] [||] org.springframework.boot.devtools.env.DevToolsPropertyDefaultsPostProcessor#logTo:225 - Devtools property defaults active! Set 'spring.devtools.add-properties' to 'false' to disable
: 2025-01-27 10:36:21,761 INFO [restartedMain] [||] org.springframework.boot.devtools.env.DevToolsPropertyDefaultsPostProcessor#logTo:225 - For additional web related logging consider setting the 'logging.level.web' property to 'DEBUG'
: 2025-01-27 10:36:23,028 INFO [restartedMain] [||] org.springframework.boot.web.embedded.tomcat.TomcatWebServer#initialize:90 - Tomcat initialized with port(s): 8081 (http)
: 2025-01-27 10:36:23,047 INFO [restartedMain] [||] org.apache.coyote.http11.Http11NioProtocol#log:173 - Initializing ProtocolHandler ["http-nio-8081"]
: 2025-01-27 10:36:23,060 INFO [restartedMain] [||] org.apache.catalina.core.StandardService#log:173 - Starting service [Tomcat]
: 2025-01-27 10:36:23,061 INFO [restartedMain] [||] org.apache.catalina.core.StandardEngine#log:173 - Starting Servlet engine: [Apache Tomcat/9.0.22]
: 2025-01-27 10:36:23,172 INFO [restartedMain] [||] org.apache.catalina.core.ContainerBase.[Tomcat].[localhost].[/]#log:173 - Initializing Spring embedded WebApplicationContext
: 2025-01-27 10:36:23,173 INFO [restartedMain] [||] org.springframework.web.context.ContextLoader#prepareWebApplicationContext:284 - Root WebApplicationContext: initialization completed in 1412 ms
: 2025-01-27 10:36:23,226 WARN [restartedMain] [||] org.springframework.boot.web.servlet.context.AnnotationConfigServletWebServerApplicationContext#refresh:557 - Exception encountered during context initialization - cancelling refresh attempt: org.springframework.beans.factory.UnsatisfiedDependencyException: Error creating bean with name 'cardRunner': Unsatisfied dependency expressed through field 'gameBegin'; nested exception is org.springframework.beans.factory.NoSuchBeanDefinitionException: No qualifying bean of type 'boot.GameBegin' available: expected at least 1 bean which qualifies as autowire candidate. Dependency annotations: {@org.springframework.beans.factory.annotation.Autowired(required=true)}
: 2025-01-27 10:36:23,230 INFO [restartedMain] [||] org.apache.catalina.core.StandardService#log:173 - Stopping service [Tomcat]
: 2025-01-27 10:36:23,245 INFO [restartedMain] [||] org.springframework.boot.autoconfigure.logging.ConditionEvaluationReportLoggingListener#logMessage:136 - 

Error starting ApplicationContext. To display the conditions report re-run your application with 'debug' enabled.
: 2025-01-27 10:36:23,414 ERROR [restartedMain] [||] org.springframework.boot.diagnostics.LoggingFailureAnalysisReporter#report:40 - 

***************************
APPLICATION FAILED TO START
***************************

Description:

Field gameBegin in boot.CardRunner required a bean of type 'boot.GameBegin' that could not be found.

The injection point has the following annotations:
	- @org.springframework.beans.factory.annotation.Autowired(required=true)


Action:

Consider defining a bean of type 'boot.GameBegin' in your configuration.

: 2025-01-27 10:36:23,415 INFO [restartedMain] [||] boot.CardApplication#main:19 - ************************************card  startup failed***************************
: 2025-01-27 10:36:23,418 INFO [main] [||] boot.CardApplication#main:19 - ************************************card  startup failed***************************
: 2025-01-27 10:37:46,980 INFO [restartedMain] [||] boot.CardApplication#logStarting:50 - Starting CardApplication on KCWangdeMacBook-Pro.local with PID 67318 (/Users/kcwang/JavvaNote/target/classes started by kcwang in /Users/kcwang/JavvaNote)
: 2025-01-27 10:37:46,982 INFO [restartedMain] [||] boot.CardApplication#logStartupProfileInfo:647 - No active profile set, falling back to default profiles: default
: 2025-01-27 10:37:47,053 INFO [restartedMain] [||] org.springframework.boot.devtools.env.DevToolsPropertyDefaultsPostProcessor#logTo:225 - Devtools property defaults active! Set 'spring.devtools.add-properties' to 'false' to disable
: 2025-01-27 10:37:47,053 INFO [restartedMain] [||] org.springframework.boot.devtools.env.DevToolsPropertyDefaultsPostProcessor#logTo:225 - For additional web related logging consider setting the 'logging.level.web' property to 'DEBUG'
: 2025-01-27 10:37:47,699 INFO [restartedMain] [||] org.springframework.boot.web.embedded.tomcat.TomcatWebServer#initialize:90 - Tomcat initialized with port(s): 8081 (http)
: 2025-01-27 10:37:47,708 INFO [restartedMain] [||] org.apache.coyote.http11.Http11NioProtocol#log:173 - Initializing ProtocolHandler ["http-nio-8081"]
: 2025-01-27 10:37:47,714 INFO [restartedMain] [||] org.apache.catalina.core.StandardService#log:173 - Starting service [Tomcat]
: 2025-01-27 10:37:47,715 INFO [restartedMain] [||] org.apache.catalina.core.StandardEngine#log:173 - Starting Servlet engine: [Apache Tomcat/9.0.22]
: 2025-01-27 10:37:47,776 INFO [restartedMain] [||] org.apache.catalina.core.ContainerBase.[Tomcat].[localhost].[/]#log:173 - Initializing Spring embedded WebApplicationContext
: 2025-01-27 10:37:47,776 INFO [restartedMain] [||] org.springframework.web.context.ContextLoader#prepareWebApplicationContext:284 - Root WebApplicationContext: initialization completed in 723 ms
: 2025-01-27 10:37:47,911 INFO [restartedMain] [||] org.springframework.scheduling.concurrent.ThreadPoolTaskExecutor#initialize:171 - Initializing ExecutorService 'applicationTaskExecutor'
: 2025-01-27 10:37:48,016 INFO [restartedMain] [||] org.springframework.boot.devtools.autoconfigure.OptionalLiveReloadServer#startServer:57 - LiveReload server is running on port 35729
: 2025-01-27 10:37:48,033 INFO [restartedMain] [||] org.apache.coyote.http11.Http11NioProtocol#log:173 - Starting ProtocolHandler ["http-nio-8081"]
: 2025-01-27 10:37:48,050 INFO [restartedMain] [||] org.springframework.boot.web.embedded.tomcat.TomcatWebServer#start:202 - Tomcat started on port(s): 8081 (http) with context path ''
: 2025-01-27 10:37:48,052 INFO [restartedMain] [||] boot.CardApplication#logStarted:59 - Started CardApplication in 1.434 seconds (JVM running for 1.993)
: 2025-01-27 10:37:48,053 INFO [restartedMain] [||] boot.GameBegin#playCard:26 - 
****************扑克牌游戏开始******************
: 2025-01-27 10:37:48,053 INFO [restartedMain] [||] boot.GameBegin#createCardsList:142 - 
****************洗牌开始******************
: 2025-01-27 10:37:48,053 INFO [restartedMain] [||] boot.GameBegin#createCardsList:157 - 
****************洗牌结束******************
: 2025-01-27 10:37:48,054 INFO [restartedMain] [||] boot.GameBegin#distributeCard:116 - 
****************分牌开始******************
: 2025-01-27 10:37:48,054 INFO [restartedMain] [||] boot.GameBegin#distributeCard:121 - 
****************玩家：丙 分牌开始******************
: 2025-01-27 10:37:48,054 INFO [restartedMain] [||] boot.GameBegin#distributeCard:126 - 
****************玩家：丙 分牌结束******************
: 2025-01-27 10:37:48,055 INFO [restartedMain] [||] boot.GameBegin#distributeCard:121 - 
****************玩家：乙 分牌开始******************
: 2025-01-27 10:37:48,055 INFO [restartedMain] [||] boot.GameBegin#distributeCard:126 - 
****************玩家：乙 分牌结束******************
: 2025-01-27 10:37:48,055 INFO [restartedMain] [||] boot.GameBegin#distributeCard:121 - 
****************玩家：甲 分牌开始******************
: 2025-01-27 10:37:48,055 INFO [restartedMain] [||] boot.GameBegin#distributeCard:126 - 
****************玩家：甲 分牌结束******************
: 2025-01-27 10:37:48,055 INFO [restartedMain] [||] boot.GameBegin#distributeCard:121 - 
****************玩家：丁 分牌开始******************
: 2025-01-27 10:37:48,055 INFO [restartedMain] [||] boot.GameBegin#distributeCard:126 - 
****************玩家：丁 分牌结束******************
: 2025-01-27 10:37:48,055 INFO [restartedMain] [||] boot.GameBegin#distributeCard:130 - 
****************所有玩家分牌结束******************


: 2025-01-27 10:37:48,055 INFO [restartedMain] [||] boot.GameBegin#doPlayCard:86 - 
****************出牌开始******************
: 2025-01-27 10:37:48,055 INFO [restartedMain] [||] boot.GameBegin#doPlayCard:94 - 
**************** 第1轮玩家出牌开始******************
: 2025-01-27 10:37:48,056 INFO [restartedMain] [||] boot.GameBegin#doPlayCard:102 - 
**************** 第1轮出牌****玩家丙出牌：KD    **************
: 2025-01-27 10:37:48,056 INFO [restartedMain] [||] boot.GameBegin#doPlayCard:102 - 
**************** 第1轮出牌****玩家乙出牌：KA    **************
: 2025-01-27 10:37:48,056 INFO [restartedMain] [||] boot.GameBegin#doPlayCard:102 - 
**************** 第1轮出牌****玩家甲出牌：4C    **************
: 2025-01-27 10:37:48,056 INFO [restartedMain] [||] boot.GameBegin#doPlayCard:102 - 
**************** 第1轮出牌****玩家丁出牌：2A    **************
: 2025-01-27 10:37:48,056 INFO [restartedMain] [||] boot.GameBegin#doPlayCard:109 - 
**************** 第1轮玩家出牌结束，玩家丙 获胜   ******************


: 2025-01-27 10:37:48,056 INFO [restartedMain] [||] boot.GameBegin#doPlayCard:94 - 
**************** 第2轮玩家出牌开始******************
: 2025-01-27 10:37:48,056 INFO [restartedMain] [||] boot.GameBegin#doPlayCard:102 - 
**************** 第2轮出牌****玩家丙出牌：3C    **************
: 2025-01-27 10:37:48,056 INFO [restartedMain] [||] boot.GameBegin#doPlayCard:102 - 
**************** 第2轮出牌****玩家乙出牌：7A    **************
: 2025-01-27 10:37:48,056 INFO [restartedMain] [||] boot.GameBegin#doPlayCard:102 - 
**************** 第2轮出牌****玩家甲出牌：6B    **************
: 2025-01-27 10:37:48,057 INFO [restartedMain] [||] boot.GameBegin#doPlayCard:102 - 
**************** 第2轮出牌****玩家丁出牌：JB    **************
: 2025-01-27 10:37:48,057 INFO [restartedMain] [||] boot.GameBegin#doPlayCard:109 - 
**************** 第2轮玩家出牌结束，玩家丁 获胜   ******************


: 2025-01-27 10:37:48,057 INFO [restartedMain] [||] boot.GameBegin#doPlayCard:94 - 
**************** 第3轮玩家出牌开始******************
: 2025-01-27 10:37:48,057 INFO [restartedMain] [||] boot.GameBegin#doPlayCard:102 - 
**************** 第3轮出牌****玩家丙出牌：3B    **************
: 2025-01-27 10:37:48,057 INFO [restartedMain] [||] boot.GameBegin#doPlayCard:102 - 
**************** 第3轮出牌****玩家乙出牌：QA    **************
: 2025-01-27 10:37:48,057 INFO [restartedMain] [||] boot.GameBegin#doPlayCard:102 - 
**************** 第3轮出牌****玩家甲出牌：9A    **************
: 2025-01-27 10:37:48,057 INFO [restartedMain] [||] boot.GameBegin#doPlayCard:102 - 
**************** 第3轮出牌****玩家丁出牌：20Q    **************
: 2025-01-27 10:37:48,057 INFO [restartedMain] [||] boot.GameBegin#doPlayCard:109 - 
**************** 第3轮玩家出牌结束，玩家丁 获胜   ******************


: 2025-01-27 10:37:48,057 INFO [restartedMain] [||] boot.GameBegin#doPlayCard:94 - 
**************** 第4轮玩家出牌开始******************
: 2025-01-27 10:37:48,057 INFO [restartedMain] [||] boot.GameBegin#doPlayCard:102 - 
**************** 第4轮出牌****玩家丙出牌：JC    **************
: 2025-01-27 10:37:48,057 INFO [restartedMain] [||] boot.GameBegin#doPlayCard:102 - 
**************** 第4轮出牌****玩家乙出牌：6C    **************
: 2025-01-27 10:37:48,057 INFO [restartedMain] [||] boot.GameBegin#doPlayCard:102 - 
**************** 第4轮出牌****玩家甲出牌：3A    **************
: 2025-01-27 10:37:48,057 INFO [restartedMain] [||] boot.GameBegin#doPlayCard:102 - 
**************** 第4轮出牌****玩家丁出牌：KC    **************
: 2025-01-27 10:37:48,058 INFO [restartedMain] [||] boot.GameBegin#doPlayCard:109 - 
**************** 第4轮玩家出牌结束，玩家丁 获胜   ******************


: 2025-01-27 10:37:48,058 INFO [restartedMain] [||] boot.GameBegin#doPlayCard:94 - 
**************** 第5轮玩家出牌开始******************
: 2025-01-27 10:37:48,058 INFO [restartedMain] [||] boot.GameBegin#doPlayCard:102 - 
**************** 第5轮出牌****玩家丙出牌：QB    **************
: 2025-01-27 10:37:48,058 INFO [restartedMain] [||] boot.GameBegin#doPlayCard:102 - 
**************** 第5轮出牌****玩家乙出牌：20K    **************
: 2025-01-27 10:37:48,058 INFO [restartedMain] [||] boot.GameBegin#doPlayCard:102 - 
**************** 第5轮出牌****玩家甲出牌：9D    **************
: 2025-01-27 10:37:48,058 INFO [restartedMain] [||] boot.GameBegin#doPlayCard:102 - 
**************** 第5轮出牌****玩家丁出牌：7B    **************
: 2025-01-27 10:37:48,058 INFO [restartedMain] [||] boot.GameBegin#doPlayCard:109 - 
**************** 第5轮玩家出牌结束，玩家乙 获胜   ******************


: 2025-01-27 10:37:48,058 INFO [restartedMain] [||] boot.GameBegin#doPlayCard:94 - 
**************** 第6轮玩家出牌开始******************
: 2025-01-27 10:37:48,058 INFO [restartedMain] [||] boot.GameBegin#doPlayCard:102 - 
**************** 第6轮出牌****玩家丙出牌：JA    **************
: 2025-01-27 10:37:48,058 INFO [restartedMain] [||] boot.GameBegin#doPlayCard:102 - 
**************** 第6轮出牌****玩家乙出牌：JD    **************
: 2025-01-27 10:37:48,058 INFO [restartedMain] [||] boot.GameBegin#doPlayCard:102 - 
**************** 第6轮出牌****玩家甲出牌：5C    **************
: 2025-01-27 10:37:48,059 INFO [restartedMain] [||] boot.GameBegin#doPlayCard:102 - 
**************** 第6轮出牌****玩家丁出牌：1A    **************
: 2025-01-27 10:37:48,059 INFO [restartedMain] [||] boot.GameBegin#doPlayCard:109 - 
**************** 第6轮玩家出牌结束，玩家乙 获胜   ******************


: 2025-01-27 10:37:48,059 INFO [restartedMain] [||] boot.GameBegin#doPlayCard:94 - 
**************** 第7轮玩家出牌开始******************
: 2025-01-27 10:37:48,059 INFO [restartedMain] [||] boot.GameBegin#doPlayCard:102 - 
**************** 第7轮出牌****玩家丙出牌：KB    **************
: 2025-01-27 10:37:48,059 INFO [restartedMain] [||] boot.GameBegin#doPlayCard:102 - 
**************** 第7轮出牌****玩家乙出牌：5B    **************
: 2025-01-27 10:37:48,059 INFO [restartedMain] [||] boot.GameBegin#doPlayCard:102 - 
**************** 第7轮出牌****玩家甲出牌：2D    **************
: 2025-01-27 10:37:48,059 INFO [restartedMain] [||] boot.GameBegin#doPlayCard:102 - 
**************** 第7轮出牌****玩家丁出牌：2B    **************
: 2025-01-27 10:37:48,059 INFO [restartedMain] [||] boot.GameBegin#doPlayCard:109 - 
**************** 第7轮玩家出牌结束，玩家丙 获胜   ******************


: 2025-01-27 10:37:48,059 INFO [restartedMain] [||] boot.GameBegin#doPlayCard:94 - 
**************** 第8轮玩家出牌开始******************
: 2025-01-27 10:37:48,059 INFO [restartedMain] [||] boot.GameBegin#doPlayCard:102 - 
**************** 第8轮出牌****玩家丙出牌：5A    **************
: 2025-01-27 10:37:48,059 INFO [restartedMain] [||] boot.GameBegin#doPlayCard:102 - 
**************** 第8轮出牌****玩家乙出牌：10B    **************
: 2025-01-27 10:37:48,060 INFO [restartedMain] [||] boot.GameBegin#doPlayCard:102 - 
**************** 第8轮出牌****玩家甲出牌：8D    **************
: 2025-01-27 10:37:48,060 INFO [restartedMain] [||] boot.GameBegin#doPlayCard:102 - 
**************** 第8轮出牌****玩家丁出牌：7D    **************
: 2025-01-27 10:37:48,060 INFO [restartedMain] [||] boot.GameBegin#doPlayCard:109 - 
**************** 第8轮玩家出牌结束，玩家乙 获胜   ******************


: 2025-01-27 10:37:48,060 INFO [restartedMain] [||] boot.GameBegin#doPlayCard:94 - 
**************** 第9轮玩家出牌开始******************
: 2025-01-27 10:37:48,060 INFO [restartedMain] [||] boot.GameBegin#doPlayCard:102 - 
**************** 第9轮出牌****玩家丙出牌：2C    **************
: 2025-01-27 10:37:48,060 INFO [restartedMain] [||] boot.GameBegin#doPlayCard:102 - 
**************** 第9轮出牌****玩家乙出牌：4A    **************
: 2025-01-27 10:37:48,060 INFO [restartedMain] [||] boot.GameBegin#doPlayCard:102 - 
**************** 第9轮出牌****玩家甲出牌：10D    **************
: 2025-01-27 10:37:48,060 INFO [restartedMain] [||] boot.GameBegin#doPlayCard:102 - 
**************** 第9轮出牌****玩家丁出牌：9C    **************
: 2025-01-27 10:37:48,060 INFO [restartedMain] [||] boot.GameBegin#doPlayCard:109 - 
**************** 第9轮玩家出牌结束，玩家甲 获胜   ******************


: 2025-01-27 10:37:48,060 INFO [restartedMain] [||] boot.GameBegin#doPlayCard:94 - 
**************** 第10轮玩家出牌开始******************
: 2025-01-27 10:37:48,060 INFO [restartedMain] [||] boot.GameBegin#doPlayCard:102 - 
**************** 第10轮出牌****玩家丙出牌：4D    **************
: 2025-01-27 10:37:48,060 INFO [restartedMain] [||] boot.GameBegin#doPlayCard:102 - 
**************** 第10轮出牌****玩家乙出牌：7C    **************
: 2025-01-27 10:37:48,060 INFO [restartedMain] [||] boot.GameBegin#doPlayCard:102 - 
**************** 第10轮出牌****玩家甲出牌：10C    **************
: 2025-01-27 10:37:48,060 INFO [restartedMain] [||] boot.GameBegin#doPlayCard:102 - 
**************** 第10轮出牌****玩家丁出牌：6D    **************
: 2025-01-27 10:37:48,061 INFO [restartedMain] [||] boot.GameBegin#doPlayCard:109 - 
**************** 第10轮玩家出牌结束，玩家甲 获胜   ******************


: 2025-01-27 10:37:48,061 INFO [restartedMain] [||] boot.GameBegin#doPlayCard:94 - 
**************** 第11轮玩家出牌开始******************
: 2025-01-27 10:37:48,061 INFO [restartedMain] [||] boot.GameBegin#doPlayCard:102 - 
**************** 第11轮出牌****玩家丙出牌：QD    **************
: 2025-01-27 10:37:48,061 INFO [restartedMain] [||] boot.GameBegin#doPlayCard:102 - 
**************** 第11轮出牌****玩家乙出牌：3D    **************
: 2025-01-27 10:37:48,061 INFO [restartedMain] [||] boot.GameBegin#doPlayCard:102 - 
**************** 第11轮出牌****玩家甲出牌：5D    **************
: 2025-01-27 10:37:48,061 INFO [restartedMain] [||] boot.GameBegin#doPlayCard:102 - 
**************** 第11轮出牌****玩家丁出牌：1B    **************
: 2025-01-27 10:37:48,061 INFO [restartedMain] [||] boot.GameBegin#doPlayCard:109 - 
**************** 第11轮玩家出牌结束，玩家丙 获胜   ******************


: 2025-01-27 10:37:48,061 INFO [restartedMain] [||] boot.GameBegin#doPlayCard:94 - 
**************** 第12轮玩家出牌开始******************
: 2025-01-27 10:37:48,061 INFO [restartedMain] [||] boot.GameBegin#doPlayCard:102 - 
**************** 第12轮出牌****玩家丙出牌：8A    **************
: 2025-01-27 10:37:48,061 INFO [restartedMain] [||] boot.GameBegin#doPlayCard:102 - 
**************** 第12轮出牌****玩家乙出牌：1D    **************
: 2025-01-27 10:37:48,061 INFO [restartedMain] [||] boot.GameBegin#doPlayCard:102 - 
**************** 第12轮出牌****玩家甲出牌：10A    **************
: 2025-01-27 10:37:48,061 INFO [restartedMain] [||] boot.GameBegin#doPlayCard:102 - 
**************** 第12轮出牌****玩家丁出牌：1C    **************
: 2025-01-27 10:37:48,061 INFO [restartedMain] [||] boot.GameBegin#doPlayCard:109 - 
**************** 第12轮玩家出牌结束，玩家甲 获胜   ******************


: 2025-01-27 10:37:48,061 INFO [restartedMain] [||] boot.GameBegin#doPlayCard:94 - 
**************** 第13轮玩家出牌开始******************
: 2025-01-27 10:37:48,061 INFO [restartedMain] [||] boot.GameBegin#doPlayCard:102 - 
**************** 第13轮出牌****玩家丙出牌：8C    **************
: 2025-01-27 10:37:48,062 INFO [restartedMain] [||] boot.GameBegin#doPlayCard:102 - 
**************** 第13轮出牌****玩家乙出牌：9B    **************
: 2025-01-27 10:37:48,062 INFO [restartedMain] [||] boot.GameBegin#doPlayCard:102 - 
**************** 第13轮出牌****玩家甲出牌：6A    **************
: 2025-01-27 10:37:48,062 INFO [restartedMain] [||] boot.GameBegin#doPlayCard:102 - 
**************** 第13轮出牌****玩家丁出牌：8B    **************
: 2025-01-27 10:37:48,062 INFO [restartedMain] [||] boot.GameBegin#doPlayCard:109 - 
**************** 第13轮玩家出牌结束，玩家乙 获胜   ******************


: 2025-01-27 10:37:48,063 INFO [restartedMain] [||] boot.GameBegin#finaResult:71 - 
****************随机拿牌顺序：[丙, 乙, 甲, 丁] *****分组为 小组1成员：丙 甲 小组2成员：乙 丁*************

: 2025-01-27 10:37:48,063 INFO [restartedMain] [||] boot.GameBegin#finaResult:74 - 
****************出牌结束*******
小组1成员得分：组员：丙 得分：75  组员：甲 得分：72 ***  小组1总得分：147  ******
小组2成员得分：组员：乙 得分：137  组员：丁 得分：104  ***** 小组2总得分：241  ***
: 2025-01-27 10:37:48,063 INFO [restartedMain] [||] boot.GameBegin#finaResult:78 - 
***********************小组2 获胜***********


: 2025-01-27 10:37:48,064 INFO [restartedMain] [||] boot.CardApplication#main:17 - ************************************card  startup success**************************
: 2025-01-27 10:37:48,066 INFO [main] [||] boot.CardApplication#main:19 - ************************************card  startup failed***************************
: 2025-01-27 10:38:46,629 INFO [Thread-10] [||] org.springframework.scheduling.concurrent.ThreadPoolTaskExecutor#shutdown:208 - Shutting down ExecutorService 'applicationTaskExecutor'
